<?xml version="1.0" encoding="UTF-8"?>
<!-- Generated by org.testng.reporters.JUnitXMLReporter -->
<testsuite hostname="USER" ignored="1" name="Test" tests="2" failures="0" timestamp="16 Apr 2022 23:26:30 GMT" time="0.189" errors="0">
  <testcase name="CreditCardTest" time="0.044" classname="testng.CardTest"/>
  <testcase name="HomeLoanTest" time="0.016" classname="testng.LoanTest"/>
  <testcase name="CarLoanTest" time="0.0" classname="testng.LoanTest">
    <ignored/>
  </testcase> <!-- CarLoanTest -->
</testsuite> <!-- Test -->
