<?xml version="1.0" encoding="UTF-8"?>
<!-- Generated by org.testng.reporters.JUnitXMLReporter -->
<testsuite hostname="USER" ignored="1" name="Test" tests="3" failures="0" timestamp="17 Apr 2022 08:46:14 GMT" time="86.264" errors="0">
  <testcase name="CreditCardTest" time="0.007" classname="testng.CardTest"/>
  <testcase name="HomeLoanTest" time="0.0" classname="testng.LoanTest"/>
  <testcase name="LoginTestCase" time="48.796" classname="testng.LoginTest"/>
  <testcase name="CarLoanTest" time="0.0" classname="testng.LoanTest">
    <ignored/>
  </testcase> <!-- CarLoanTest -->
</testsuite> <!-- Test -->
