<?xml version="1.0" encoding="UTF-8"?>
<testsuite xmlns:xsi="http://www.w3.org/2001/XMLSchema-instance" xsi:noNamespaceSchemaLocation="https://maven.apache.org/surefire/maven-surefire-plugin/xsd/surefire-test-report-3.0.xsd" version="3.0" name="TestSuite" time="97.091" tests="3" errors="0" skipped="0" failures="0">
  <properties>
[...]
</properties>
  <testcase name="CreditCardTest" classname="testng.CardTest" time="0.006">
    <system-out><![CDATA[[TestNGContentHandler] [WARN] It is strongly recommended to add "<!DOCTYPE suite SYSTEM "http://testng.org/testng-1.0.dtd" >" at the top of your file, otherwise TestNG may fail or not work as expected.
Inside Before Test
Inside Home Test
]]></system-out>
  </testcase>
  <testcase name="HomeLoanTest" classname="testng.LoanTest" time="0.003">
    <system-out><![CDATA[Inside HomeLoan Test
]]></system-out>
  </testcase>
  <testcase name="LoginTestCase[abc@xyz.com, Pqr@xyz123!](1)" classname="testng.LoginTest" time="48.72">
    <system-out><![CDATA[Total number of links are 15
Href is https://community.simplilearn.com/
Href is https://community.simplilearn.com/
Href is https://www.google.com/intl/en/chrome/browser/
Href is http://www.mozilla.org/en-US/firefox/new/
Href is http://www.opera.com/computer/windows
Href is http://windows.microsoft.com/en-US/internet-explorer/download-ie
Href is https://play.google.com/store/apps/details?id=com.mobile.simplilearn
Href is https://itunes.apple.com/app/simplilearn/id963042747?ls=1&mt=8
Href is https://accounts.simplilearn.com/user/forgot-password
Href is javascript:void(0);
Href is javascript:void(0);
Href is javascript:void(0);
Href is javascript:void(0);
Href is https://accounts.simplilearn.com/user/register?redirect_url=https://lms.simplilearn.com/
Href is https://www.simplilearn.com/terms-and-conditions#/privacy-policy
]]></system-out>
    <system-err><![CDATA[Starting ChromeDriver 100.0.4896.60 (6a5d10861ce8de5fce22564658033b43cb7de047-refs/branch-heads/4896@{#875}) on port 18333
Only local connections are allowed.
Please see https://chromedriver.chromium.org/security-considerations for suggestions on keeping ChromeDriver safe.
ChromeDriver was started successfully.
Apr 17, 2022 11:44:56 AM org.openqa.selenium.remote.ProtocolHandshake createSession
INFO: Detected dialect: W3C
]]></system-err>
  </testcase>
</testsuite>