<?xml version="1.0" encoding="UTF-8"?>
<testng-results skipped="0" failed="0" ignored="1" total="4" passed="3">
  <reporter-output>
  </reporter-output>
  <suite name="Suite" duration-ms="86264" started-at="2022-04-17T08:44:47Z" finished-at="2022-04-17T08:46:14Z">
    <groups>
      <group name="Sanity">
        <method signature="CardTest.CreditCardTest()[pri:0, instance:testng.CardTest@4461c7e3]" name="CreditCardTest" class="testng.CardTest"/>
        <method signature="LoanTest.HomeLoanTest()[pri:0, instance:testng.LoanTest@429bd883]" name="HomeLoanTest" class="testng.LoanTest"/>
        <method signature="LoginTest.LoginTestCase(java.lang.String, java.lang.String)[pri:0, instance:testng.LoginTest@351d0846]" name="LoginTestCase" class="testng.LoginTest"/>
      </group> <!-- Sanity -->
    </groups>
    <test name="Test" duration-ms="86264" started-at="2022-04-17T08:44:47Z" finished-at="2022-04-17T08:46:14Z">
      <class name="testng.CardTest">
        <test-method status="PASS" signature="CreditCardTest()[pri:0, instance:testng.CardTest@4461c7e3]" name="CreditCardTest" duration-ms="7" started-at="2022-04-17T08:44:47Z" finished-at="2022-04-17T08:44:47Z">
          <reporter-output>
          </reporter-output>
        </test-method> <!-- CreditCardTest -->
      </class> <!-- testng.CardTest -->
      <class name="testng.LoginTest">
        <test-method status="PASS" signature="Setup()[pri:0, instance:testng.LoginTest@351d0846]" name="Setup" is-config="true" duration-ms="34538" started-at="2022-04-17T08:44:47Z" finished-at="2022-04-17T08:45:22Z">
          <reporter-output>
          </reporter-output>
        </test-method> <!-- Setup -->
        <test-method status="PASS" signature="LoginTestCase(java.lang.String, java.lang.String)[pri:0, instance:testng.LoginTest@351d0846]" name="LoginTestCase" duration-ms="48796" started-at="2022-04-17T08:45:22Z" finished-at="2022-04-17T08:46:11Z">
          <params>
            <param index="0">
              <value>
                <![CDATA[abc@xyz.com]]>
              </value>
            </param>
            <param index="1">
              <value>
                <![CDATA[Pqr@xyz123!]]>
              </value>
            </param>
          </params>
          <reporter-output>
          </reporter-output>
        </test-method> <!-- LoginTestCase -->
        <test-method status="PASS" signature="TearDown()[pri:0, instance:testng.LoginTest@351d0846]" name="TearDown" is-config="true" duration-ms="2723" started-at="2022-04-17T08:46:11Z" finished-at="2022-04-17T08:46:14Z">
          <reporter-output>
          </reporter-output>
        </test-method> <!-- TearDown -->
      </class> <!-- testng.LoginTest -->
      <class name="testng.LoanTest">
        <test-method status="PASS" signature="method1()[pri:0, instance:testng.LoanTest@429bd883]" name="method1" is-config="true" duration-ms="66" started-at="2022-04-17T08:44:47Z" finished-at="2022-04-17T08:44:47Z">
          <reporter-output>
          </reporter-output>
        </test-method> <!-- method1 -->
        <test-method status="PASS" signature="HomeLoanTest()[pri:0, instance:testng.LoanTest@429bd883]" name="HomeLoanTest" duration-ms="0" started-at="2022-04-17T08:44:47Z" finished-at="2022-04-17T08:44:47Z">
          <reporter-output>
          </reporter-output>
        </test-method> <!-- HomeLoanTest -->
      </class> <!-- testng.LoanTest -->
    </test> <!-- Test -->
  </suite> <!-- Suite -->
</testng-results>
