<?xml version="1.0" encoding="UTF-8"?>
<testng-results skipped="0" failed="0" ignored="0" total="1" passed="1">
  <reporter-output>
  </reporter-output>
  <suite name="Default suite" duration-ms="65238" started-at="2022-04-17T07:30:23Z" finished-at="2022-04-17T07:31:28Z">
    <groups>
    </groups>
    <test name="Default test" duration-ms="65238" started-at="2022-04-17T07:30:23Z" finished-at="2022-04-17T07:31:28Z">
      <class name="testng.LoginTest">
        <test-method status="PASS" signature="Setup()[pri:0, instance:testng.LoginTest@54c562f7]" name="Setup" is-config="true" duration-ms="25987" started-at="2022-04-17T07:30:23Z" finished-at="2022-04-17T07:30:49Z">
          <reporter-output>
          </reporter-output>
        </test-method> <!-- Setup -->
        <test-method status="PASS" signature="LoginTestCase()[pri:0, instance:testng.LoginTest@54c562f7]" name="LoginTestCase" duration-ms="38511" started-at="2022-04-17T07:30:49Z" finished-at="2022-04-17T07:31:27Z">
          <reporter-output>
          </reporter-output>
        </test-method> <!-- LoginTestCase -->
        <test-method status="PASS" signature="TearDown()[pri:0, instance:testng.LoginTest@54c562f7]" name="TearDown" is-config="true" duration-ms="593" started-at="2022-04-17T07:31:27Z" finished-at="2022-04-17T07:31:28Z">
          <reporter-output>
          </reporter-output>
        </test-method> <!-- TearDown -->
      </class> <!-- testng.LoginTest -->
    </test> <!-- Default test -->
  </suite> <!-- Default suite -->
</testng-results>
